Performing C SOURCE FILE Test CMAKE_HAVE_LIBC_PTHREAD failed with the following output:
Change Dir: /home/LarsLinux/Documenten/System-Automation/raspberry-pi/cmake-build-debug/CMakeFiles/CMakeTmp

Run Build Command(s):/usr/bin/make cmTC_efa5e/fast && /usr/bin/make -f CMakeFiles/cmTC_efa5e.dir/build.make CMakeFiles/cmTC_efa5e.dir/build
make[1]: Map '/home/LarsLinux/Documenten/System-Automation/raspberry-pi/cmake-build-debug/CMakeFiles/CMakeTmp' wordt binnengegaan
Building C object CMakeFiles/cmTC_efa5e.dir/src.c.o
/usr/bin/cc   -DCMAKE_HAVE_LIBC_PTHREAD   -o CMakeFiles/cmTC_efa5e.dir/src.c.o   -c /home/LarsLinux/Documenten/System-Automation/raspberry-pi/cmake-build-debug/CMakeFiles/CMakeTmp/src.c
Linking C executable cmTC_efa5e
/home/LarsLinux/.local/share/JetBrains/Toolbox/apps/CLion/ch-0/193.5233.144/bin/cmake/linux/bin/cmake -E cmake_link_script CMakeFiles/cmTC_efa5e.dir/link.txt --verbose=1
/usr/bin/cc  -DCMAKE_HAVE_LIBC_PTHREAD    -rdynamic CMakeFiles/cmTC_efa5e.dir/src.c.o  -o cmTC_efa5e 
/usr/bin/ld: CMakeFiles/cmTC_efa5e.dir/src.c.o: in function `main':
src.c:(.text+0x2f): undefined reference to `pthread_create'
/usr/bin/ld: src.c:(.text+0x3b): undefined reference to `pthread_detach'
/usr/bin/ld: src.c:(.text+0x4c): undefined reference to `pthread_join'
collect2: error: ld returned 1 exit status
make[1]: *** [CMakeFiles/cmTC_efa5e.dir/build.make:87: cmTC_efa5e] Fout 1
make[1]: Map '/home/LarsLinux/Documenten/System-Automation/raspberry-pi/cmake-build-debug/CMakeFiles/CMakeTmp' wordt verlaten
make: *** [Makefile:121: cmTC_efa5e/fast] Fout 2


Source file was:
#include <pthread.h>

void* test_func(void* data)
{
  return data;
}

int main(void)
{
  pthread_t thread;
  pthread_create(&thread, NULL, test_func, NULL);
  pthread_detach(thread);
  pthread_join(thread, NULL);
  pthread_atfork(NULL, NULL, NULL);
  pthread_exit(NULL);

  return 0;
}

Determining if the function pthread_create exists in the pthreads failed with the following output:
Change Dir: /home/LarsLinux/Documenten/System-Automation/raspberry-pi/cmake-build-debug/CMakeFiles/CMakeTmp

Run Build Command(s):/usr/bin/make cmTC_fce4c/fast && /usr/bin/make -f CMakeFiles/cmTC_fce4c.dir/build.make CMakeFiles/cmTC_fce4c.dir/build
make[1]: Map '/home/LarsLinux/Documenten/System-Automation/raspberry-pi/cmake-build-debug/CMakeFiles/CMakeTmp' wordt binnengegaan
Building C object CMakeFiles/cmTC_fce4c.dir/CheckFunctionExists.c.o
/usr/bin/cc   -DCHECK_FUNCTION_EXISTS=pthread_create   -o CMakeFiles/cmTC_fce4c.dir/CheckFunctionExists.c.o   -c /home/LarsLinux/.local/share/JetBrains/Toolbox/apps/CLion/ch-0/193.5233.144/bin/cmake/linux/share/cmake-3.15/Modules/CheckFunctionExists.c
Linking C executable cmTC_fce4c
/home/LarsLinux/.local/share/JetBrains/Toolbox/apps/CLion/ch-0/193.5233.144/bin/cmake/linux/bin/cmake -E cmake_link_script CMakeFiles/cmTC_fce4c.dir/link.txt --verbose=1
/usr/bin/cc  -DCHECK_FUNCTION_EXISTS=pthread_create    -rdynamic CMakeFiles/cmTC_fce4c.dir/CheckFunctionExists.c.o  -o cmTC_fce4c -lpthreads 
/usr/bin/ld: cannot find -lpthreads
collect2: error: ld returned 1 exit status
make[1]: *** [CMakeFiles/cmTC_fce4c.dir/build.make:87: cmTC_fce4c] Fout 1
make[1]: Map '/home/LarsLinux/Documenten/System-Automation/raspberry-pi/cmake-build-debug/CMakeFiles/CMakeTmp' wordt verlaten
make: *** [Makefile:121: cmTC_fce4c/fast] Fout 2



